<?xml version="1.0" encoding="UTF-8"?>
<testng-results ignored="0" total="5" passed="5" failed="0" skipped="0">
  <reporter-output>
  </reporter-output>
  <suite started-at="2025-03-21T04:06:15 PDT" name="Default suite" finished-at="2025-03-21T04:10:05 PDT" duration-ms="229358">
    <groups>
      <group name="cucumber">
        <method signature="AbstractTestNGCucumberTests.runScenario(io.cucumber.testng.PickleWrapper,io.cucumber.testng.FeatureWrapper)[pri:0, instance:com.ecommerce.runners.TestRunnerCheckoutTestCase@275bf9b3]" name="runScenario" class="io.cucumber.testng.AbstractTestNGCucumberTests"/>
      </group> <!-- cucumber -->
    </groups>
    <test started-at="2025-03-21T04:06:15 PDT" name="Default test" finished-at="2025-03-21T04:10:05 PDT" duration-ms="229358">
      <class name="com.ecommerce.runners.TestRunnerCheckoutTestCase">
        <test-method is-config="true" signature="setUpClass(org.testng.ITestContext)[pri:0, instance:com.ecommerce.runners.TestRunnerCheckoutTestCase@275bf9b3]" started-at="2025-03-21T04:06:16 PDT" name="setUpClass" finished-at="2025-03-21T04:06:17 PDT" duration-ms="1047" status="PASS">
          <params>
            <param index="0">
              <value>
                <![CDATA[org.testng.TestRunner@3f322610]]>
              </value>
            </param>
          </params>
          <reporter-output>
          </reporter-output>
        </test-method> <!-- setUpClass -->
        <test-method signature="runScenario(io.cucumber.testng.PickleWrapper,io.cucumber.testng.FeatureWrapper)[pri:0, instance:com.ecommerce.runners.TestRunnerCheckoutTestCase@275bf9b3]" started-at="2025-03-21T04:06:17 PDT" name="runScenario" description="Runs Cucumber Scenarios" data-provider="scenarios" finished-at="2025-03-21T04:07:40 PDT" duration-ms="83616" status="PASS">
          <params>
            <param index="0">
              <value>
                <![CDATA["To place an order and make the user register while checkout."]]>
              </value>
            </param>
            <param index="1">
              <value>
                <![CDATA["Placing Order and validating Checkout functionality."]]>
              </value>
            </param>
          </params>
          <reporter-output>
          </reporter-output>
        </test-method> <!-- runScenario -->
        <test-method signature="runScenario(io.cucumber.testng.PickleWrapper,io.cucumber.testng.FeatureWrapper)[pri:0, instance:com.ecommerce.runners.TestRunnerCheckoutTestCase@275bf9b3]" started-at="2025-03-21T04:07:40 PDT" name="runScenario" description="Runs Cucumber Scenarios" data-provider="scenarios" finished-at="2025-03-21T04:08:13 PDT" duration-ms="32936" status="PASS">
          <params>
            <param index="0">
              <value>
                <![CDATA["To login and Place order and perform checkout."]]>
              </value>
            </param>
            <param index="1">
              <value>
                <![CDATA["Placing Order and validating Checkout functionality."]]>
              </value>
            </param>
          </params>
          <reporter-output>
          </reporter-output>
        </test-method> <!-- runScenario -->
        <test-method signature="runScenario(io.cucumber.testng.PickleWrapper,io.cucumber.testng.FeatureWrapper)[pri:0, instance:com.ecommerce.runners.TestRunnerCheckoutTestCase@275bf9b3]" started-at="2025-03-21T04:08:13 PDT" name="runScenario" description="Runs Cucumber Scenarios" data-provider="scenarios" finished-at="2025-03-21T04:08:50 PDT" duration-ms="37107" status="PASS">
          <params>
            <param index="0">
              <value>
                <![CDATA["To add reviews on products."]]>
              </value>
            </param>
            <param index="1">
              <value>
                <![CDATA["Placing Order and validating Checkout functionality."]]>
              </value>
            </param>
          </params>
          <reporter-output>
          </reporter-output>
        </test-method> <!-- runScenario -->
        <test-method signature="runScenario(io.cucumber.testng.PickleWrapper,io.cucumber.testng.FeatureWrapper)[pri:0, instance:com.ecommerce.runners.TestRunnerCheckoutTestCase@275bf9b3]" started-at="2025-03-21T04:08:50 PDT" name="runScenario" description="Runs Cucumber Scenarios" data-provider="scenarios" finished-at="2025-03-21T04:09:45 PDT" duration-ms="55042" status="PASS">
          <params>
            <param index="0">
              <value>
                <![CDATA["To download invoice after purchase order."]]>
              </value>
            </param>
            <param index="1">
              <value>
                <![CDATA["Placing Order and validating Checkout functionality."]]>
              </value>
            </param>
          </params>
          <reporter-output>
          </reporter-output>
        </test-method> <!-- runScenario -->
        <test-method signature="runScenario(io.cucumber.testng.PickleWrapper,io.cucumber.testng.FeatureWrapper)[pri:0, instance:com.ecommerce.runners.TestRunnerCheckoutTestCase@275bf9b3]" started-at="2025-03-21T04:09:45 PDT" name="runScenario" description="Runs Cucumber Scenarios" data-provider="scenarios" finished-at="2025-03-21T04:10:04 PDT" duration-ms="18762" status="PASS">
          <params>
            <param index="0">
              <value>
                <![CDATA["To verify Scroll up with and without arrow button."]]>
              </value>
            </param>
            <param index="1">
              <value>
                <![CDATA["Placing Order and validating Checkout functionality."]]>
              </value>
            </param>
          </params>
          <reporter-output>
          </reporter-output>
        </test-method> <!-- runScenario -->
        <test-method is-config="true" signature="tearDownClass()[pri:0, instance:com.ecommerce.runners.TestRunnerCheckoutTestCase@275bf9b3]" started-at="2025-03-21T04:10:04 PDT" name="tearDownClass" finished-at="2025-03-21T04:10:05 PDT" duration-ms="719" status="PASS">
          <reporter-output>
          </reporter-output>
        </test-method> <!-- tearDownClass -->
      </class> <!-- com.ecommerce.runners.TestRunnerCheckoutTestCase -->
    </test> <!-- Default test -->
  </suite> <!-- Default suite -->
</testng-results>
