<?xml version="1.0" encoding="UTF-8"?>
<testsuite xmlns:xsi="http://www.w3.org/2001/XMLSchema-instance" xsi:noNamespaceSchemaLocation="https://maven.apache.org/surefire/maven-surefire-plugin/xsd/surefire-test-report-3.0.xsd" version="3.0" name="TestSuite" time="872.504" tests="15" errors="0" skipped="0" failures="1">
  <properties>
[...]
</properties>
  <testcase name="runScenario[&quot;To make User successfuly Register into the given Website.&quot;, &quot;SignUp and Login Functionality check.&quot;](1)" classname="com.ecommerce.runners.TestRunnerSignUpLoginTestCase" time="83.331">
    <system-out><![CDATA[Welcome to The HomePage
User Clicked Signup Button
Dipayan
Details Entered
Clicked On SignUp
Details Entered
All CheckBox Selected
Account Created
]]></system-out>
    <system-err><![CDATA[SLF4J: Failed to load class "org.slf4j.impl.StaticLoggerBinder".
SLF4J: Defaulting to no-operation (NOP) logger implementation
SLF4J: See http://www.slf4j.org/codes.html#StaticLoggerBinder for further details.
Mar 21, 2025 2:27:21 AM org.openqa.selenium.devtools.CdpVersionFinder findNearestMatch
WARNING: Unable to find an exact match for CDP version 134, returning the closest version; found: 131; Please update to a Selenium version that supports CDP version 134
]]></system-err>
  </testcase>
  <testcase name="runScenario[&quot;To make user successfuly Login with correct username and correct password.&quot;, &quot;SignUp and Login Functionality check.&quot;](2)" classname="com.ecommerce.runners.TestRunnerSignUpLoginTestCase" time="67.933">
    <system-out><![CDATA[Welcome to The HomePage
User Clicked Signup Button
Credentials Entered
]]></system-out>
    <system-err><![CDATA[Mar 21, 2025 2:28:43 AM org.openqa.selenium.devtools.CdpVersionFinder findNearestMatch
WARNING: Unable to find an exact match for CDP version 134, returning the closest version; found: 131; Please update to a Selenium version that supports CDP version 134
]]></system-err>
  </testcase>
  <testcase name="runScenario[&quot;To make user Login with incorrect credentials.&quot;, &quot;SignUp and Login Functionality check.&quot;](3)" classname="com.ecommerce.runners.TestRunnerSignUpLoginTestCase" time="23.102">
    <system-out><![CDATA[Welcome to The HomePage
User Clicked Signup Button
]]></system-out>
    <system-err><![CDATA[Mar 21, 2025 2:29:51 AM org.openqa.selenium.devtools.CdpVersionFinder findNearestMatch
WARNING: Unable to find an exact match for CDP version 134, returning the closest version; found: 131; Please update to a Selenium version that supports CDP version 134
]]></system-err>
  </testcase>
  <testcase name="runScenario[&quot;To make user SignUp in with already existing Emailaddress.&quot;, &quot;SignUp and Login Functionality check.&quot;](4)" classname="com.ecommerce.runners.TestRunnerSignUpLoginTestCase" time="24.074">
    <system-out><![CDATA[Welcome to The HomePage
User Clicked Signup Button
Clicked On SignUp
]]></system-out>
    <system-err><![CDATA[Mar 21, 2025 2:30:14 AM org.openqa.selenium.devtools.CdpVersionFinder findNearestMatch
WARNING: Unable to find an exact match for CDP version 134, returning the closest version; found: 131; Please update to a Selenium version that supports CDP version 134
]]></system-err>
  </testcase>
  <testcase name="runScenario[&quot;To contact support whenever problem arises.&quot;, &quot;SignUp and Login Functionality check.&quot;](5)" classname="com.ecommerce.runners.TestRunnerSignUpLoginTestCase" time="128.438">
    <system-out><![CDATA[Welcome to The HomePage
Details Entered For Support 
File Uploaded.
User is in HOMEPAGE.
]]></system-out>
    <system-err><![CDATA[Mar 21, 2025 2:30:38 AM org.openqa.selenium.devtools.CdpVersionFinder findNearestMatch
WARNING: Unable to find an exact match for CDP version 134, returning the closest version; found: 131; Please update to a Selenium version that supports CDP version 134
]]></system-err>
  </testcase>
  <testcase name="runScenario[&quot;To verify Test Cases Page functionality.&quot;, &quot;SignUp and Login Functionality check.&quot;](6)" classname="com.ecommerce.runners.TestRunnerSignUpLoginTestCase" time="110.75">
    <system-out><![CDATA[Welcome to The HomePage
]]></system-out>
    <system-err><![CDATA[Mar 21, 2025 2:32:47 AM org.openqa.selenium.devtools.CdpVersionFinder findNearestMatch
WARNING: Unable to find an exact match for CDP version 134, returning the closest version; found: 131; Please update to a Selenium version that supports CDP version 134
]]></system-err>
  </testcase>
  <testcase name="runScenario[&quot;To verify subscription in Home Page.&quot;, &quot;SignUp and Login Functionality check.&quot;](7)" classname="com.ecommerce.runners.TestRunnerSignUpLoginTestCase" time="19.452">
    <system-out><![CDATA[Welcome to The HomePage
Entered emailAddress and clicked
]]></system-out>
    <system-err><![CDATA[Mar 21, 2025 2:34:37 AM org.openqa.selenium.devtools.CdpVersionFinder findNearestMatch
WARNING: Unable to find an exact match for CDP version 134, returning the closest version; found: 131; Please update to a Selenium version that supports CDP version 134
]]></system-err>
  </testcase>
  <testcase name="runScenario[&quot;To verify subscription in Home Page.&quot;, &quot;SignUp and Login Functionality check.&quot;](8)" classname="com.ecommerce.runners.TestRunnerSignUpLoginTestCase" time="19.429">
    <system-out><![CDATA[Welcome to The HomePage
Entered emailAddress and clicked
]]></system-out>
    <system-err><![CDATA[Mar 21, 2025 2:34:57 AM org.openqa.selenium.devtools.CdpVersionFinder findNearestMatch
WARNING: Unable to find an exact match for CDP version 134, returning the closest version; found: 131; Please update to a Selenium version that supports CDP version 134
]]></system-err>
  </testcase>
  <testcase name="runScenario[&quot;To verify subscription in Cart Page.&quot;, &quot;SignUp and Login Functionality check.&quot;](9)" classname="com.ecommerce.runners.TestRunnerSignUpLoginTestCase" time="20.792">
    <system-out><![CDATA[Welcome to The HomePage
Entered emailAddress and clicked
]]></system-out>
    <system-err><![CDATA[Mar 21, 2025 2:35:16 AM org.openqa.selenium.devtools.CdpVersionFinder findNearestMatch
WARNING: Unable to find an exact match for CDP version 134, returning the closest version; found: 131; Please update to a Selenium version that supports CDP version 134
]]></system-err>
  </testcase>
  <testcase name="runScenario[&quot;To remove product from cart which was already added.&quot;, &quot;Searching product and adding to cart.&quot;](1)" classname="com.ecommerce.runners.TestRunnerProductTestCase" time="29.528">
    <system-out><![CDATA[Welcome to The HomePage
Product Added to cart.
]]></system-out>
    <system-err><![CDATA[Mar 21, 2025 2:35:38 AM org.openqa.selenium.devtools.CdpVersionFinder findNearestMatch
WARNING: Unable to find an exact match for CDP version 134, returning the closest version; found: 131; Please update to a Selenium version that supports CDP version 134
]]></system-err>
  </testcase>
  <testcase name="runScenario[&quot;To place an order and make the user register while checkout.&quot;, &quot;Placing Order and validating Checkout functionality.&quot;](1)" classname="com.ecommerce.runners.TestRunnerCheckoutTestCase" time="68.383">
    <system-out><![CDATA[Welcome to The HomePage
Product Added to cart.
Dipayan
Details Entered
Clicked On SignUp
Details Entered
All CheckBox Selected
Account Created
Description is entered
Details Entered
]]></system-out>
    <system-err><![CDATA[Mar 21, 2025 2:36:08 AM org.openqa.selenium.devtools.CdpVersionFinder findNearestMatch
WARNING: Unable to find an exact match for CDP version 134, returning the closest version; found: 131; Please update to a Selenium version that supports CDP version 134
]]></system-err>
  </testcase>
  <testcase name="runScenario[&quot;To login and Place order and perform checkout.&quot;, &quot;Placing Order and validating Checkout functionality.&quot;](2)" classname="com.ecommerce.runners.TestRunnerCheckoutTestCase" time="44.508">
    <system-out><![CDATA[Welcome to The HomePage
User Clicked Signup Button
Credentials Entered
Product Added to cart.
Description is entered
Details Entered
]]></system-out>
    <system-err><![CDATA[Mar 21, 2025 2:37:17 AM org.openqa.selenium.devtools.CdpVersionFinder findNearestMatch
WARNING: Unable to find an exact match for CDP version 134, returning the closest version; found: 131; Please update to a Selenium version that supports CDP version 134
]]></system-err>
  </testcase>
  <testcase name="runScenario[&quot;To add reviews on products.&quot;, &quot;Placing Order and validating Checkout functionality.&quot;](3)" classname="com.ecommerce.runners.TestRunnerCheckoutTestCase" time="23.046">
    <system-out><![CDATA[Welcome to The HomePage
]]></system-out>
    <system-err><![CDATA[Mar 21, 2025 2:38:01 AM org.openqa.selenium.devtools.CdpVersionFinder findNearestMatch
WARNING: Unable to find an exact match for CDP version 134, returning the closest version; found: 131; Please update to a Selenium version that supports CDP version 134
]]></system-err>
  </testcase>
  <testcase name="runScenario[&quot;To download invoice after purchase order.&quot;, &quot;Placing Order and validating Checkout functionality.&quot;](4)" classname="com.ecommerce.runners.TestRunnerCheckoutTestCase" time="185.877">
    <failure message="java.util.concurrent.TimeoutException&#10;Build info: version: &apos;4.27.0&apos;, revision: &apos;d6e718d134&apos;&#10;System info: os.name: &apos;Windows 10&apos;, os.arch: &apos;amd64&apos;, os.version: &apos;10.0&apos;, java.version: &apos;17.0.13&apos;&#10;Driver info: org.openqa.selenium.chrome.ChromeDriver&#10;Command: [35490409d320f33ee09b42ee1fc9f38e, get {url=https://automationexercise.com/}]&#10;Capabilities {acceptInsecureCerts: false, browserName: chrome, browserVersion: 134.0.6998.90, chrome: {chromedriverVersion: 134.0.6998.90 (219ee74681fc..., userDataDir: C:\Windows\SystemTemp\scope...}, fedcm:accounts: true, goog:chromeOptions: {debuggerAddress: localhost:61715}, networkConnectionEnabled: false, pageLoadStrategy: normal, platformName: windows, proxy: Proxy(), se:cdp: ws://localhost:61715/devtoo..., se:cdpVersion: 134.0.6998.90, setWindowRect: true, strictFileInteractability: false, timeouts: {implicit: 0, pageLoad: 300000, script: 30000}, unhandledPromptBehavior: dismiss and notify, webauthn:extension:credBlob: true, webauthn:extension:largeBlob: true, webauthn:extension:minPinLength: true, webauthn:extension:prf: true, webauthn:virtualAuthenticators: true}&#10;Session ID: 35490409d320f33ee09b42ee1fc9f38e" type="org.openqa.selenium.TimeoutException"><![CDATA[org.openqa.selenium.TimeoutException: 
java.util.concurrent.TimeoutException
Build info: version: '4.27.0', revision: 'd6e718d134'
System info: os.name: 'Windows 10', os.arch: 'amd64', os.version: '10.0', java.version: '17.0.13'
Driver info: org.openqa.selenium.chrome.ChromeDriver
Command: [35490409d320f33ee09b42ee1fc9f38e, get {url=https://automationexercise.com/}]
Capabilities {acceptInsecureCerts: false, browserName: chrome, browserVersion: 134.0.6998.90, chrome: {chromedriverVersion: 134.0.6998.90 (219ee74681fc..., userDataDir: C:\Windows\SystemTemp\scope...}, fedcm:accounts: true, goog:chromeOptions: {debuggerAddress: localhost:61715}, networkConnectionEnabled: false, pageLoadStrategy: normal, platformName: windows, proxy: Proxy(), se:cdp: ws://localhost:61715/devtoo..., se:cdpVersion: 134.0.6998.90, setWindowRect: true, strictFileInteractability: false, timeouts: {implicit: 0, pageLoad: 300000, script: 30000}, unhandledPromptBehavior: dismiss and notify, webauthn:extension:credBlob: true, webauthn:extension:largeBlob: true, webauthn:extension:minPinLength: true, webauthn:extension:prf: true, webauthn:virtualAuthenticators: true}
Session ID: 35490409d320f33ee09b42ee1fc9f38e
	at org.openqa.selenium.remote.http.jdk.JdkHttpClient.execute(JdkHttpClient.java:423)
	at org.openqa.selenium.remote.HttpCommandExecutor.execute(HttpCommandExecutor.java:187)
	at org.openqa.selenium.remote.service.DriverCommandExecutor.invokeExecute(DriverCommandExecutor.java:216)
	at org.openqa.selenium.remote.service.DriverCommandExecutor.execute(DriverCommandExecutor.java:174)
	at org.openqa.selenium.remote.RemoteWebDriver.execute(RemoteWebDriver.java:545)
	at org.openqa.selenium.remote.RemoteWebDriver.get(RemoteWebDriver.java:313)
	at com.ecommerce.pages.SignupPage.HomePage(SignupPage.java:75)
	at com.ecommerce.stepDefination.ProductSignupLoginStepDef.i_navigate_to_the_home_page(ProductSignupLoginStepDef.java:27)
	at ✽.I Navigate to the Home Page.(file:///C:/Users/Administrator/eclipse-workspace/Capstone_Project/src/test/resources/Features/Checkout.feature:86)
Caused by: java.util.concurrent.TimeoutException
	at java.base/java.util.concurrent.CompletableFuture$Timeout.run(CompletableFuture.java:2874)
	at java.base/java.util.concurrent.Executors$RunnableAdapter.call(Executors.java:539)
	at java.base/java.util.concurrent.FutureTask.run(FutureTask.java:264)
	at java.base/java.util.concurrent.ScheduledThreadPoolExecutor$ScheduledFutureTask.run(ScheduledThreadPoolExecutor.java:304)
	at java.base/java.util.concurrent.ThreadPoolExecutor.runWorker(ThreadPoolExecutor.java:1136)
	at java.base/java.util.concurrent.ThreadPoolExecutor$Worker.run(ThreadPoolExecutor.java:635)
	at java.base/java.lang.Thread.run(Thread.java:842)
]]></failure>
    <system-err><![CDATA[Mar 21, 2025 2:38:24 AM org.openqa.selenium.devtools.CdpVersionFinder findNearestMatch
WARNING: Unable to find an exact match for CDP version 134, returning the closest version; found: 131; Please update to a Selenium version that supports CDP version 134
]]></system-err>
  </testcase>
  <testcase name="runScenario[&quot;To verify Scroll up with and without arrow button.&quot;, &quot;Placing Order and validating Checkout functionality.&quot;](5)" classname="com.ecommerce.runners.TestRunnerCheckoutTestCase" time="19.545">
    <system-out><![CDATA[Welcome to The HomePage
]]></system-out>
    <system-err><![CDATA[Mar 21, 2025 2:41:30 AM org.openqa.selenium.devtools.CdpVersionFinder findNearestMatch
WARNING: Unable to find an exact match for CDP version 134, returning the closest version; found: 131; Please update to a Selenium version that supports CDP version 134
]]></system-err>
  </testcase>
</testsuite>