<?xml version="1.0" encoding="UTF-8"?>
<testng-results ignored="0" total="15" passed="14" failed="1" skipped="0">
  <reporter-output>
  </reporter-output>
  <suite started-at="2025-03-21T02:27:16 PDT" name="Suite" finished-at="2025-03-21T02:41:47 PDT" duration-ms="870926">
    <groups>
      <group name="cucumber">
        <method signature="AbstractTestNGCucumberTests.runScenario(io.cucumber.testng.PickleWrapper,io.cucumber.testng.FeatureWrapper)[pri:0, instance:com.ecommerce.runners.TestRunnerSignUpLoginTestCase@6e535154]" name="runScenario" class="io.cucumber.testng.AbstractTestNGCucumberTests"/>
        <method signature="AbstractTestNGCucumberTests.runScenario(io.cucumber.testng.PickleWrapper,io.cucumber.testng.FeatureWrapper)[pri:0, instance:com.ecommerce.runners.TestRunnerProductTestCase@47caedad]" name="runScenario" class="io.cucumber.testng.AbstractTestNGCucumberTests"/>
        <method signature="AbstractTestNGCucumberTests.runScenario(io.cucumber.testng.PickleWrapper,io.cucumber.testng.FeatureWrapper)[pri:0, instance:com.ecommerce.runners.TestRunnerCheckoutTestCase@387a8303]" name="runScenario" class="io.cucumber.testng.AbstractTestNGCucumberTests"/>
      </group> <!-- cucumber -->
    </groups>
    <test started-at="2025-03-21T02:27:16 PDT" name="Test" finished-at="2025-03-21T02:35:36 PDT" duration-ms="499278">
      <class name="com.ecommerce.runners.TestRunnerSignUpLoginTestCase">
        <test-method is-config="true" signature="setUpClass(org.testng.ITestContext)[pri:0, instance:com.ecommerce.runners.TestRunnerSignUpLoginTestCase@6e535154]" started-at="2025-03-21T02:27:17 PDT" name="setUpClass" finished-at="2025-03-21T02:27:18 PDT" duration-ms="1041" status="PASS">
          <params>
            <param index="0">
              <value>
                <![CDATA[org.testng.TestRunner@63a72cc6]]>
              </value>
            </param>
          </params>
          <reporter-output>
          </reporter-output>
        </test-method> <!-- setUpClass -->
        <test-method signature="runScenario(io.cucumber.testng.PickleWrapper,io.cucumber.testng.FeatureWrapper)[pri:0, instance:com.ecommerce.runners.TestRunnerSignUpLoginTestCase@6e535154]" started-at="2025-03-21T02:27:18 PDT" name="runScenario" description="Runs Cucumber Scenarios" data-provider="scenarios" finished-at="2025-03-21T02:28:41 PDT" duration-ms="83320" status="PASS">
          <params>
            <param index="0">
              <value>
                <![CDATA["To make User successfuly Register into the given Website."]]>
              </value>
            </param>
            <param index="1">
              <value>
                <![CDATA["SignUp and Login Functionality check."]]>
              </value>
            </param>
          </params>
          <reporter-output>
          </reporter-output>
        </test-method> <!-- runScenario -->
        <test-method signature="runScenario(io.cucumber.testng.PickleWrapper,io.cucumber.testng.FeatureWrapper)[pri:0, instance:com.ecommerce.runners.TestRunnerSignUpLoginTestCase@6e535154]" started-at="2025-03-21T02:28:41 PDT" name="runScenario" description="Runs Cucumber Scenarios" data-provider="scenarios" finished-at="2025-03-21T02:29:49 PDT" duration-ms="67944" status="PASS">
          <params>
            <param index="0">
              <value>
                <![CDATA["To make user successfuly Login with correct username and correct password."]]>
              </value>
            </param>
            <param index="1">
              <value>
                <![CDATA["SignUp and Login Functionality check."]]>
              </value>
            </param>
          </params>
          <reporter-output>
          </reporter-output>
        </test-method> <!-- runScenario -->
        <test-method signature="runScenario(io.cucumber.testng.PickleWrapper,io.cucumber.testng.FeatureWrapper)[pri:0, instance:com.ecommerce.runners.TestRunnerSignUpLoginTestCase@6e535154]" started-at="2025-03-21T02:29:49 PDT" name="runScenario" description="Runs Cucumber Scenarios" data-provider="scenarios" finished-at="2025-03-21T02:30:12 PDT" duration-ms="23102" status="PASS">
          <params>
            <param index="0">
              <value>
                <![CDATA["To make user Login with incorrect credentials."]]>
              </value>
            </param>
            <param index="1">
              <value>
                <![CDATA["SignUp and Login Functionality check."]]>
              </value>
            </param>
          </params>
          <reporter-output>
          </reporter-output>
        </test-method> <!-- runScenario -->
        <test-method signature="runScenario(io.cucumber.testng.PickleWrapper,io.cucumber.testng.FeatureWrapper)[pri:0, instance:com.ecommerce.runners.TestRunnerSignUpLoginTestCase@6e535154]" started-at="2025-03-21T02:30:12 PDT" name="runScenario" description="Runs Cucumber Scenarios" data-provider="scenarios" finished-at="2025-03-21T02:30:36 PDT" duration-ms="24073" status="PASS">
          <params>
            <param index="0">
              <value>
                <![CDATA["To make user SignUp in with already existing Emailaddress."]]>
              </value>
            </param>
            <param index="1">
              <value>
                <![CDATA["SignUp and Login Functionality check."]]>
              </value>
            </param>
          </params>
          <reporter-output>
          </reporter-output>
        </test-method> <!-- runScenario -->
        <test-method signature="runScenario(io.cucumber.testng.PickleWrapper,io.cucumber.testng.FeatureWrapper)[pri:0, instance:com.ecommerce.runners.TestRunnerSignUpLoginTestCase@6e535154]" started-at="2025-03-21T02:30:36 PDT" name="runScenario" description="Runs Cucumber Scenarios" data-provider="scenarios" finished-at="2025-03-21T02:32:45 PDT" duration-ms="128435" status="PASS">
          <params>
            <param index="0">
              <value>
                <![CDATA["To contact support whenever problem arises."]]>
              </value>
            </param>
            <param index="1">
              <value>
                <![CDATA["SignUp and Login Functionality check."]]>
              </value>
            </param>
          </params>
          <reporter-output>
          </reporter-output>
        </test-method> <!-- runScenario -->
        <test-method signature="runScenario(io.cucumber.testng.PickleWrapper,io.cucumber.testng.FeatureWrapper)[pri:0, instance:com.ecommerce.runners.TestRunnerSignUpLoginTestCase@6e535154]" started-at="2025-03-21T02:32:45 PDT" name="runScenario" description="Runs Cucumber Scenarios" data-provider="scenarios" finished-at="2025-03-21T02:34:35 PDT" duration-ms="110746" status="PASS">
          <params>
            <param index="0">
              <value>
                <![CDATA["To verify Test Cases Page functionality."]]>
              </value>
            </param>
            <param index="1">
              <value>
                <![CDATA["SignUp and Login Functionality check."]]>
              </value>
            </param>
          </params>
          <reporter-output>
          </reporter-output>
        </test-method> <!-- runScenario -->
        <test-method signature="runScenario(io.cucumber.testng.PickleWrapper,io.cucumber.testng.FeatureWrapper)[pri:0, instance:com.ecommerce.runners.TestRunnerSignUpLoginTestCase@6e535154]" started-at="2025-03-21T02:34:35 PDT" name="runScenario" description="Runs Cucumber Scenarios" data-provider="scenarios" finished-at="2025-03-21T02:34:55 PDT" duration-ms="19452" status="PASS">
          <params>
            <param index="0">
              <value>
                <![CDATA["To verify subscription in Home Page."]]>
              </value>
            </param>
            <param index="1">
              <value>
                <![CDATA["SignUp and Login Functionality check."]]>
              </value>
            </param>
          </params>
          <reporter-output>
          </reporter-output>
        </test-method> <!-- runScenario -->
        <test-method signature="runScenario(io.cucumber.testng.PickleWrapper,io.cucumber.testng.FeatureWrapper)[pri:0, instance:com.ecommerce.runners.TestRunnerSignUpLoginTestCase@6e535154]" started-at="2025-03-21T02:34:55 PDT" name="runScenario" description="Runs Cucumber Scenarios" data-provider="scenarios" finished-at="2025-03-21T02:35:14 PDT" duration-ms="19429" status="PASS">
          <params>
            <param index="0">
              <value>
                <![CDATA["To verify subscription in Home Page."]]>
              </value>
            </param>
            <param index="1">
              <value>
                <![CDATA["SignUp and Login Functionality check."]]>
              </value>
            </param>
          </params>
          <reporter-output>
          </reporter-output>
        </test-method> <!-- runScenario -->
        <test-method signature="runScenario(io.cucumber.testng.PickleWrapper,io.cucumber.testng.FeatureWrapper)[pri:0, instance:com.ecommerce.runners.TestRunnerSignUpLoginTestCase@6e535154]" started-at="2025-03-21T02:35:14 PDT" name="runScenario" description="Runs Cucumber Scenarios" data-provider="scenarios" finished-at="2025-03-21T02:35:35 PDT" duration-ms="20792" status="PASS">
          <params>
            <param index="0">
              <value>
                <![CDATA["To verify subscription in Cart Page."]]>
              </value>
            </param>
            <param index="1">
              <value>
                <![CDATA["SignUp and Login Functionality check."]]>
              </value>
            </param>
          </params>
          <reporter-output>
          </reporter-output>
        </test-method> <!-- runScenario -->
        <test-method is-config="true" signature="tearDownClass()[pri:0, instance:com.ecommerce.runners.TestRunnerSignUpLoginTestCase@6e535154]" started-at="2025-03-21T02:35:35 PDT" name="tearDownClass" finished-at="2025-03-21T02:35:36 PDT" duration-ms="810" status="PASS">
          <reporter-output>
          </reporter-output>
        </test-method> <!-- tearDownClass -->
      </class> <!-- com.ecommerce.runners.TestRunnerSignUpLoginTestCase -->
    </test> <!-- Test -->
    <test started-at="2025-03-21T02:35:36 PDT" name="Testt" finished-at="2025-03-21T02:36:06 PDT" duration-ms="29893">
      <class name="com.ecommerce.runners.TestRunnerProductTestCase">
        <test-method is-config="true" signature="setUpClass(org.testng.ITestContext)[pri:0, instance:com.ecommerce.runners.TestRunnerProductTestCase@47caedad]" started-at="2025-03-21T02:35:36 PDT" name="setUpClass" finished-at="2025-03-21T02:35:36 PDT" duration-ms="28" status="PASS">
          <params>
            <param index="0">
              <value>
                <![CDATA[org.testng.TestRunner@61bd0845]]>
              </value>
            </param>
          </params>
          <reporter-output>
          </reporter-output>
        </test-method> <!-- setUpClass -->
        <test-method signature="runScenario(io.cucumber.testng.PickleWrapper,io.cucumber.testng.FeatureWrapper)[pri:0, instance:com.ecommerce.runners.TestRunnerProductTestCase@47caedad]" started-at="2025-03-21T02:35:36 PDT" name="runScenario" description="Runs Cucumber Scenarios" data-provider="scenarios" finished-at="2025-03-21T02:36:06 PDT" duration-ms="29527" status="PASS">
          <params>
            <param index="0">
              <value>
                <![CDATA["To remove product from cart which was already added."]]>
              </value>
            </param>
            <param index="1">
              <value>
                <![CDATA["Searching product and adding to cart."]]>
              </value>
            </param>
          </params>
          <reporter-output>
          </reporter-output>
        </test-method> <!-- runScenario -->
        <test-method is-config="true" signature="tearDownClass()[pri:0, instance:com.ecommerce.runners.TestRunnerProductTestCase@47caedad]" started-at="2025-03-21T02:36:06 PDT" name="tearDownClass" finished-at="2025-03-21T02:36:06 PDT" duration-ms="330" status="PASS">
          <reporter-output>
          </reporter-output>
        </test-method> <!-- tearDownClass -->
      </class> <!-- com.ecommerce.runners.TestRunnerProductTestCase -->
    </test> <!-- Testt -->
    <test started-at="2025-03-21T02:36:06 PDT" name="Testtt" finished-at="2025-03-21T02:41:47 PDT" duration-ms="341554">
      <class name="com.ecommerce.runners.TestRunnerCheckoutTestCase">
        <test-method is-config="true" signature="setUpClass(org.testng.ITestContext)[pri:0, instance:com.ecommerce.runners.TestRunnerCheckoutTestCase@387a8303]" started-at="2025-03-21T02:36:06 PDT" name="setUpClass" finished-at="2025-03-21T02:36:06 PDT" duration-ms="36" status="PASS">
          <params>
            <param index="0">
              <value>
                <![CDATA[org.testng.TestRunner@cef885d]]>
              </value>
            </param>
          </params>
          <reporter-output>
          </reporter-output>
        </test-method> <!-- setUpClass -->
        <test-method signature="runScenario(io.cucumber.testng.PickleWrapper,io.cucumber.testng.FeatureWrapper)[pri:0, instance:com.ecommerce.runners.TestRunnerCheckoutTestCase@387a8303]" started-at="2025-03-21T02:36:06 PDT" name="runScenario" description="Runs Cucumber Scenarios" data-provider="scenarios" finished-at="2025-03-21T02:37:14 PDT" duration-ms="68381" status="PASS">
          <params>
            <param index="0">
              <value>
                <![CDATA["To place an order and make the user register while checkout."]]>
              </value>
            </param>
            <param index="1">
              <value>
                <![CDATA["Placing Order and validating Checkout functionality."]]>
              </value>
            </param>
          </params>
          <reporter-output>
          </reporter-output>
        </test-method> <!-- runScenario -->
        <test-method signature="runScenario(io.cucumber.testng.PickleWrapper,io.cucumber.testng.FeatureWrapper)[pri:0, instance:com.ecommerce.runners.TestRunnerCheckoutTestCase@387a8303]" started-at="2025-03-21T02:37:14 PDT" name="runScenario" description="Runs Cucumber Scenarios" data-provider="scenarios" finished-at="2025-03-21T02:37:59 PDT" duration-ms="44509" status="PASS">
          <params>
            <param index="0">
              <value>
                <![CDATA["To login and Place order and perform checkout."]]>
              </value>
            </param>
            <param index="1">
              <value>
                <![CDATA["Placing Order and validating Checkout functionality."]]>
              </value>
            </param>
          </params>
          <reporter-output>
          </reporter-output>
        </test-method> <!-- runScenario -->
        <test-method signature="runScenario(io.cucumber.testng.PickleWrapper,io.cucumber.testng.FeatureWrapper)[pri:0, instance:com.ecommerce.runners.TestRunnerCheckoutTestCase@387a8303]" started-at="2025-03-21T02:37:59 PDT" name="runScenario" description="Runs Cucumber Scenarios" data-provider="scenarios" finished-at="2025-03-21T02:38:22 PDT" duration-ms="23047" status="PASS">
          <params>
            <param index="0">
              <value>
                <![CDATA["To add reviews on products."]]>
              </value>
            </param>
            <param index="1">
              <value>
                <![CDATA["Placing Order and validating Checkout functionality."]]>
              </value>
            </param>
          </params>
          <reporter-output>
          </reporter-output>
        </test-method> <!-- runScenario -->
        <test-method signature="runScenario(io.cucumber.testng.PickleWrapper,io.cucumber.testng.FeatureWrapper)[pri:0, instance:com.ecommerce.runners.TestRunnerCheckoutTestCase@387a8303]" started-at="2025-03-21T02:38:22 PDT" name="runScenario" description="Runs Cucumber Scenarios" data-provider="scenarios" finished-at="2025-03-21T02:41:28 PDT" duration-ms="185858" status="FAIL">
          <params>
            <param index="0">
              <value>
                <![CDATA["To download invoice after purchase order."]]>
              </value>
            </param>
            <param index="1">
              <value>
                <![CDATA["Placing Order and validating Checkout functionality."]]>
              </value>
            </param>
          </params>
          <exception class="org.openqa.selenium.TimeoutException">
            <message>
              <![CDATA[java.util.concurrent.TimeoutException
Build info: version: '4.27.0', revision: 'd6e718d134'
System info: os.name: 'Windows 10', os.arch: 'amd64', os.version: '10.0', java.version: '17.0.13'
Driver info: org.openqa.selenium.chrome.ChromeDriver
Command: [35490409d320f33ee09b42ee1fc9f38e, get {url=https://automationexercise.com/}]
Capabilities {acceptInsecureCerts: false, browserName: chrome, browserVersion: 134.0.6998.90, chrome: {chromedriverVersion: 134.0.6998.90 (219ee74681fc..., userDataDir: C:\Windows\SystemTemp\scope...}, fedcm:accounts: true, goog:chromeOptions: {debuggerAddress: localhost:61715}, networkConnectionEnabled: false, pageLoadStrategy: normal, platformName: windows, proxy: Proxy(), se:cdp: ws://localhost:61715/devtoo..., se:cdpVersion: 134.0.6998.90, setWindowRect: true, strictFileInteractability: false, timeouts: {implicit: 0, pageLoad: 300000, script: 30000}, unhandledPromptBehavior: dismiss and notify, webauthn:extension:credBlob: true, webauthn:extension:largeBlob: true, webauthn:extension:minPinLength: true, webauthn:extension:prf: true, webauthn:virtualAuthenticators: true}
Session ID: 35490409d320f33ee09b42ee1fc9f38e]]>
            </message>
            <full-stacktrace>
              <![CDATA[org.openqa.selenium.TimeoutException: java.util.concurrent.TimeoutException
Build info: version: '4.27.0', revision: 'd6e718d134'
System info: os.name: 'Windows 10', os.arch: 'amd64', os.version: '10.0', java.version: '17.0.13'
Driver info: org.openqa.selenium.chrome.ChromeDriver
Command: [35490409d320f33ee09b42ee1fc9f38e, get {url=https://automationexercise.com/}]
Capabilities {acceptInsecureCerts: false, browserName: chrome, browserVersion: 134.0.6998.90, chrome: {chromedriverVersion: 134.0.6998.90 (219ee74681fc..., userDataDir: C:\Windows\SystemTemp\scope...}, fedcm:accounts: true, goog:chromeOptions: {debuggerAddress: localhost:61715}, networkConnectionEnabled: false, pageLoadStrategy: normal, platformName: windows, proxy: Proxy(), se:cdp: ws://localhost:61715/devtoo..., se:cdpVersion: 134.0.6998.90, setWindowRect: true, strictFileInteractability: false, timeouts: {implicit: 0, pageLoad: 300000, script: 30000}, unhandledPromptBehavior: dismiss and notify, webauthn:extension:credBlob: true, webauthn:extension:largeBlob: true, webauthn:extension:minPinLength: true, webauthn:extension:prf: true, webauthn:virtualAuthenticators: true}
Session ID: 35490409d320f33ee09b42ee1fc9f38e
at org.openqa.selenium.remote.http.jdk.JdkHttpClient.execute(JdkHttpClient.java:423)
at org.openqa.selenium.remote.HttpCommandExecutor.execute(HttpCommandExecutor.java:187)
at org.openqa.selenium.remote.service.DriverCommandExecutor.invokeExecute(DriverCommandExecutor.java:216)
at org.openqa.selenium.remote.service.DriverCommandExecutor.execute(DriverCommandExecutor.java:174)
at org.openqa.selenium.remote.RemoteWebDriver.execute(RemoteWebDriver.java:545)
at org.openqa.selenium.remote.RemoteWebDriver.get(RemoteWebDriver.java:313)
at com.ecommerce.pages.SignupPage.HomePage(SignupPage.java:75)
at com.ecommerce.stepDefination.ProductSignupLoginStepDef.i_navigate_to_the_home_page(ProductSignupLoginStepDef.java:27)
at ✽.I Navigate to the Home Page.(file:///C:/Users/Administrator/eclipse-workspace/Capstone_Project/src/test/resources/Features/Checkout.feature:86)
Caused by: java.util.concurrent.TimeoutException
at java.base/java.util.concurrent.CompletableFuture$Timeout.run(CompletableFuture.java:2874)
at java.base/java.util.concurrent.Executors$RunnableAdapter.call(Executors.java:539)
at java.base/java.util.concurrent.FutureTask.run(FutureTask.java:264)
at java.base/java.util.concurrent.ScheduledThreadPoolExecutor$ScheduledFutureTask.run(ScheduledThreadPoolExecutor.java:304)
at java.base/java.util.concurrent.ThreadPoolExecutor.runWorker(ThreadPoolExecutor.java:1136)
at java.base/java.util.concurrent.ThreadPoolExecutor$Worker.run(ThreadPoolExecutor.java:635)
at java.base/java.lang.Thread.run(Thread.java:842)
]]>
            </full-stacktrace>
          </exception> <!-- org.openqa.selenium.TimeoutException -->
          <reporter-output>
          </reporter-output>
        </test-method> <!-- runScenario -->
        <test-method signature="runScenario(io.cucumber.testng.PickleWrapper,io.cucumber.testng.FeatureWrapper)[pri:0, instance:com.ecommerce.runners.TestRunnerCheckoutTestCase@387a8303]" started-at="2025-03-21T02:41:28 PDT" name="runScenario" description="Runs Cucumber Scenarios" data-provider="scenarios" finished-at="2025-03-21T02:41:47 PDT" duration-ms="19555" status="PASS">
          <params>
            <param index="0">
              <value>
                <![CDATA["To verify Scroll up with and without arrow button."]]>
              </value>
            </param>
            <param index="1">
              <value>
                <![CDATA["Placing Order and validating Checkout functionality."]]>
              </value>
            </param>
          </params>
          <reporter-output>
          </reporter-output>
        </test-method> <!-- runScenario -->
        <test-method is-config="true" signature="tearDownClass()[pri:0, instance:com.ecommerce.runners.TestRunnerCheckoutTestCase@387a8303]" started-at="2025-03-21T02:41:47 PDT" name="tearDownClass" finished-at="2025-03-21T02:41:47 PDT" duration-ms="147" status="PASS">
          <reporter-output>
          </reporter-output>
        </test-method> <!-- tearDownClass -->
      </class> <!-- com.ecommerce.runners.TestRunnerCheckoutTestCase -->
    </test> <!-- Testtt -->
  </suite> <!-- Suite -->
</testng-results>
